optseq2
$Id: optseq2.c,v 2.12.2.1 2008/01/10 23:25:40 greve Exp $
NoSearch  = 0
nSearch  = 1000
nKeep    = 8
PctUpdate  = 10.000000
nCB1Opt  = 0
seed     = 974746
Ntp  = 300
TR   = 2
TPreScan   = 0
PSD Window   = 0 20 2
nEvTypes = 6
EvNo    Label Duration nRepsNom
 1         m1  4.000   20
 2         n1  4.000   20
 3         m2  2.000   10
 4         n2  2.000   10
 5         m3  2.000   10
 6         n3  2.000   10
PctVarEvReps = 0
VarEvRepsPerCond = 0
PolyOrder = -1
tNullMax = -1
tNullMin = 0
AR1 = 0
No refractory penalty
Cost = eff
OutStem = VMod
Summary File = VMod.sum

Pct nSrch MinSrch Cost Eff Cb1Err VRFAvg VRFStd VRFMin VRFMax VRFRange nSince

BeginUpdateLog
 0       1     0.0   0.151292  0.151292  0.3944  10.1323  3.62868  6.32955  16.4374  10.1078 1738.01 0
 3      34     0.0   0.160081  0.160081  0.4667  10.4594  3.32235  7.24712  16.0274  8.78029 1659.01 0
 3      34     0.0   0.160292  0.160292  0.5167  10.4651  3.31689  7.0129  16.5302  9.5173 1686.01 0
 3      36     0.0   0.160292  0.160292  0.5167  10.4651  3.31689  7.0129  16.5302  9.5173 1686.01 0
 3      36     0.0   0.160292  0.160292  0.5167  10.4651  3.31689  7.0129  16.5302  9.5173 1686.01 0
 3      41     0.0   0.160292  0.160292  0.5167  10.4651  3.31689  7.0129  16.5302  9.5173 1686.01 0
 3      41     0.0   0.160292  0.160292  0.5167  10.4651  3.31689  7.0129  16.5302  9.5173 1686.01 0
 4      46     0.0   0.160292  0.160292  0.5167  10.4651  3.31689  7.0129  16.5302  9.5173 1686.01 0
 4      46     0.0   0.160292  0.160292  0.5167  10.4651  3.31689  7.0129  16.5302  9.5173 1686.01 0
 4      49     0.0   0.160292  0.160292  0.5167  10.4651  3.31689  7.0129  16.5302  9.5173 1686.01 0
 4      49     0.0   0.160292  0.160292  0.5167  10.4651  3.31689  7.0129  16.5302  9.5173 1686.01 0
 5      61     0.0   0.160292  0.160292  0.5167  10.4651  3.31689  7.0129  16.5302  9.5173 1686.01 2
 5      61     0.0   0.160292  0.160292  0.5167  10.4651  3.31689  7.0129  16.5302  9.5173 1686.01 0
 6      68     0.0   0.160292  0.160292  0.5167  10.4651  3.31689  7.0129  16.5302  9.5173 1686.01 0
 6      68     0.0   0.160292  0.160292  0.5167  10.4651  3.31689  7.0129  16.5302  9.5173 1686.01 0
 7      73     0.0   0.160292  0.160292  0.5167  10.4651  3.31689  7.0129  16.5302  9.5173 1686.01 1
 7      73     0.0   0.161991  0.161991  0.4889  10.7336  3.69198  7.41598  16.4582  9.04222 1642.01 0
 7      77     0.0   0.161991  0.161991  0.4889  10.7336  3.69198  7.41598  16.4582  9.04222 1642.01 1
 7      77     0.0   0.161991  0.161991  0.4889  10.7336  3.69198  7.41598  16.4582  9.04222 1642.01 0
 8      92     0.0   0.161991  0.161991  0.4889  10.7336  3.69198  7.41598  16.4582  9.04222 1642.01 5
 8      92     0.0   0.161991  0.161991  0.4889  10.7336  3.69198  7.41598  16.4582  9.04222 1642.01 0
 9      96     0.0   0.161991  0.161991  0.4889  10.7336  3.69198  7.41598  16.4582  9.04222 1642.01 1
 9      96     0.0   0.161991  0.161991  0.4889  10.7336  3.69198  7.41598  16.4582  9.04222 1642.01 0
 9      99     0.0   0.161991  0.161991  0.4889  10.7336  3.69198  7.41598  16.4582  9.04222 1642.01 0
 9      99     0.0   0.161991  0.161991  0.4889  10.7336  3.69198  7.41598  16.4582  9.04222 1642.01 0
11     112     0.0   0.161991  0.161991  0.4889  10.7336  3.69198  7.41598  16.4582  9.04222 1642.01 3
12     126     0.0   0.161991  0.161991  0.4889  10.7336  3.69198  7.41598  16.4582  9.04222 1642.01 7
12     126     0.0   0.161991  0.161991  0.4889  10.7336  3.69198  7.41598  16.4582  9.04222 1642.01 0
13     136     0.0   0.161991  0.161991  0.4889  10.7336  3.69198  7.41598  16.4582  9.04222 1642.01 5
13     136     0.0   0.161991  0.161991  0.4889  10.7336  3.69198  7.41598  16.4582  9.04222 1642.01 0
15     152     0.0   0.161991  0.161991  0.4889  10.7336  3.69198  7.41598  16.4582  9.04222 1642.01 4
15     152     0.0   0.161991  0.161991  0.4889  10.7336  3.69198  7.41598  16.4582  9.04222 1642.01 0
17     171     0.0   0.161991  0.161991  0.4889  10.7336  3.69198  7.41598  16.4582  9.04222 1642.01 8
17     171     0.0   0.161991  0.161991  0.4889  10.7336  3.69198  7.41598  16.4582  9.04222 1642.01 0
17     175     0.0   0.161991  0.161991  0.4889  10.7336  3.69198  7.41598  16.4582  9.04222 1642.01 0
17     175     0.0   0.161991  0.161991  0.4889  10.7336  3.69198  7.41598  16.4582  9.04222 1642.01 0
17     180     0.0   0.161991  0.161991  0.4889  10.7336  3.69198  7.41598  16.4582  9.04222 1642.01 2
17     180     0.0   0.161991  0.161991  0.4889  10.7336  3.69198  7.41598  16.4582  9.04222 1642.01 0
18     183     0.0   0.161991  0.161991  0.4889  10.7336  3.69198  7.41598  16.4582  9.04222 1642.01 1
18     183     0.0   0.161991  0.161991  0.4889  10.7336  3.69198  7.41598  16.4582  9.04222 1642.01 0
22     224     0.0   0.161991  0.161991  0.4889  10.7336  3.69198  7.41598  16.4582  9.04222 1642.01 12
30     307     0.1   0.161991  0.161991  0.4889  10.7336  3.69198  7.41598  16.4582  9.04222 1642.01 37
30     307     0.1   0.161991  0.161991  0.4889  10.7336  3.69198  7.41598  16.4582  9.04222 1642.01 0
33     331     0.1   0.161991  0.161991  0.4889  10.7336  3.69198  7.41598  16.4582  9.04222 1642.01 7
39     400     0.1   0.161991  0.161991  0.4889  10.7336  3.69198  7.41598  16.4582  9.04222 1642.01 37
39     400     0.1   0.161991  0.161991  0.4889  10.7336  3.69198  7.41598  16.4582  9.04222 1642.01 0
42     428     0.1   0.161991  0.161991  0.4889  10.7336  3.69198  7.41598  16.4582  9.04222 1642.01 15
42     428     0.1   0.161991  0.161991  0.4889  10.7336  3.69198  7.41598  16.4582  9.04222 1642.01 0
44     443     0.1   0.161991  0.161991  0.4889  10.7336  3.69198  7.41598  16.4582  9.04222 1642.01 7
44     453     0.1   0.161991  0.161991  0.4889  10.7336  3.69198  7.41598  16.4582  9.04222 1642.01 8
44     453     0.1   0.16428  0.16428  0.4056  10.6849  3.30649  7.68725  16.0415  8.35429 1654.01 0
50     507     0.1   0.16428  0.16428  0.4056  10.6849  3.30649  7.68725  16.0415  8.35429 1654.01 15
50     507     0.1   0.16428  0.16428  0.4056  10.6849  3.30649  7.68725  16.0415  8.35429 1654.01 0
55     551     0.1   0.16428  0.16428  0.4056  10.6849  3.30649  7.68725  16.0415  8.35429 1654.01 17
57     578     0.1   0.16428  0.16428  0.4056  10.6849  3.30649  7.68725  16.0415  8.35429 1654.01 26
57     578     0.1   0.16428  0.16428  0.4056  10.6849  3.30649  7.68725  16.0415  8.35429 1654.01 0
61     615     0.1   0.16428  0.16428  0.4056  10.6849  3.30649  7.68725  16.0415  8.35429 1654.01 13
61     615     0.1   0.16428  0.16428  0.4056  10.6849  3.30649  7.68725  16.0415  8.35429 1654.01 0
64     641     0.1   0.16428  0.16428  0.4056  10.6849  3.30649  7.68725  16.0415  8.35429 1654.01 11
64     641     0.1   0.16428  0.16428  0.4056  10.6849  3.30649  7.68725  16.0415  8.35429 1654.01 0
64     645     0.1   0.16428  0.16428  0.4056  10.6849  3.30649  7.68725  16.0415  8.35429 1654.01 1
64     645     0.1   0.16428  0.16428  0.4056  10.6849  3.30649  7.68725  16.0415  8.35429 1654.01 0
66     661     0.1   0.16428  0.16428  0.4056  10.6849  3.30649  7.68725  16.0415  8.35429 1654.01 6
69     697     0.1   0.16428  0.16428  0.4056  10.6849  3.30649  7.68725  16.0415  8.35429 1654.01 19
69     697     0.1   0.164424  0.164424  0.3667  10.9429  3.86045  7.3342  17.1195  9.78532 1561.01 0
77     770     0.1   0.164424  0.164424  0.3667  10.9429  3.86045  7.3342  17.1195  9.78532 1561.01 23
82     827     0.1   0.164424  0.164424  0.3667  10.9429  3.86045  7.3342  17.1195  9.78532 1561.01 46
82     827     0.1   0.164424  0.164424  0.3667  10.9429  3.86045  7.3342  17.1195  9.78532 1561.01 0
86     868     0.1   0.164424  0.164424  0.3667  10.9429  3.86045  7.3342  17.1195  9.78532 1561.01 16
86     868     0.1   0.164424  0.164424  0.3667  10.9429  3.86045  7.3342  17.1195  9.78532 1561.01 0
88     880     0.1   0.164424  0.164424  0.3667  10.9429  3.86045  7.3342  17.1195  9.78532 1561.01 5
99     992     0.1   0.164424  0.164424  0.3667  10.9429  3.86045  7.3342  17.1195  9.78532 1561.01 43
99    1000     0.1   0.164424  0.164424  0.3667  10.9429  3.86045  7.3342  17.1195  9.78532 1561.01 47
EndUpdateLog

Done
